2021-03-19 02:20:02,254 - bot.py - MainThread - INFO : File logger created; saving logs to /home/gnunix/gorillabot/logs/0220_031921.log.
2021-03-19 02:20:02,254 - bot.py - MainThread - INFO : Console logger created.
2021-03-19 02:20:09,075 - bot.py - IO - INFO : Initiating connection.
2021-03-19 02:20:12,778 - bot.py - Executor - INFO : Joining #legion.
2021-03-19 02:20:13,780 - bot.py - Executor - INFO : Joining #linux.
2021-03-19 02:20:14,781 - bot.py - Executor - INFO : Joining #deadforest.
2021-03-19 02:20:15,783 - bot.py - Executor - INFO : Joining #help.
2021-03-19 02:20:16,784 - bot.py - Executor - INFO : Joining #python.
2021-03-19 02:20:17,785 - bot.py - Executor - INFO : Joining #AnonOps.
2021-03-19 02:20:19,986 - bot.py - Executor - INFO : No user an0n logged in.
2021-03-19 02:20:21,990 - bot.py - Executor - INFO : Adding fluffy all.times to bot ops
2021-03-19 02:20:43,908 - bot.py - IO - WARNING : Tried to get settings for nonexistant channel #anonops.
2021-03-19 02:20:43,908 - bot.py - IO - WARNING : Tried to get settings for nonexistant channel #anonops.
2021-03-19 02:20:43,908 - bot.py - IO - WARNING : Tried to get settings for nonexistant channel #anonops.
2021-03-19 02:20:48,027 - bot.py - IO - WARNING : Tried to get settings for nonexistant channel #anonops.
2021-03-19 02:20:48,027 - bot.py - IO - WARNING : Tried to get settings for nonexistant channel #anonops.
2021-03-19 02:20:48,027 - bot.py - IO - WARNING : Tried to get settings for nonexistant channel #anonops.
2021-03-19 02:20:56,855 - bot.py - IO - WARNING : Tried to get settings for nonexistant channel #anonops.
2021-03-19 02:20:56,855 - bot.py - IO - WARNING : Tried to get settings for nonexistant channel #anonops.
2021-03-19 02:20:56,855 - bot.py - IO - WARNING : Tried to get settings for nonexistant channel #anonops.
2021-03-19 02:20:59,871 - bot.py - IO - WARNING : Tried to get settings for nonexistant channel #anonops.
2021-03-19 02:20:59,871 - bot.py - IO - WARNING : Tried to get settings for nonexistant channel #anonops.
2021-03-19 02:20:59,871 - bot.py - IO - WARNING : Tried to get settings for nonexistant channel #anonops.
2021-03-19 02:21:13,435 - bot.py - IO - WARNING : Tried to get settings for nonexistant channel #anonops.
2021-03-19 02:21:13,436 - bot.py - IO - WARNING : Tried to get settings for nonexistant channel #anonops.
2021-03-19 02:21:13,436 - bot.py - IO - WARNING : Tried to get settings for nonexistant channel #anonops.
2021-03-19 02:21:17,705 - bot.py - IO - WARNING : Tried to get settings for nonexistant channel #anonops.
2021-03-19 02:21:17,706 - bot.py - IO - WARNING : Tried to get settings for nonexistant channel #anonops.
2021-03-19 02:21:17,706 - bot.py - IO - WARNING : Tried to get settings for nonexistant channel #anonops.
2021-03-19 02:21:27,025 - bot.py - IO - WARNING : Tried to get settings for nonexistant channel #anonops.
2021-03-19 02:21:27,025 - bot.py - IO - WARNING : Tried to get settings for nonexistant channel #anonops.
2021-03-19 02:21:27,025 - bot.py - IO - WARNING : Tried to get settings for nonexistant channel #anonops.
2021-03-19 02:27:55,248 - bot.py - IO - WARNING : Tried to get settings for nonexistant channel #Linux.
2021-03-19 02:27:55,248 - bot.py - IO - WARNING : Tried to get settings for nonexistant channel #Linux.
2021-03-19 02:27:55,249 - bot.py - IO - WARNING : Tried to get settings for nonexistant channel #Linux.
2021-03-19 02:27:58,106 - bot.py - IO - WARNING : Tried to get settings for nonexistant channel #Linux.
2021-03-19 02:27:58,106 - bot.py - IO - WARNING : Tried to get settings for nonexistant channel #Linux.
2021-03-19 02:27:58,106 - bot.py - IO - WARNING : Tried to get settings for nonexistant channel #Linux.
2021-03-19 02:27:59,273 - bot.py - IO - WARNING : Tried to get settings for nonexistant channel #Linux.
2021-03-19 02:27:59,273 - bot.py - IO - WARNING : Tried to get settings for nonexistant channel #Linux.
2021-03-19 02:27:59,273 - bot.py - IO - WARNING : Tried to get settings for nonexistant channel #Linux.
2021-03-19 02:28:40,406 - bot.py - MainThread - INFO : Caught KeyboardInterrupt. Shutting down.
